<?xml version="1.0" encoding="UTF-8"?>
<testsuite name="co.com.choucair.certification.testweb.runners.historiaUsuario" tests="0" skipped="0" failures="0" errors="0" timestamp="1970-01-01T00:00:00" hostname="MacBook-Air-de-Christian.local" time="0.0">
  <properties/>
  <system-out><![CDATA[
?[31mFailed scenarios:?[0m
?[31msrc/test/resources/features/historia_de_usuario.feature:16 ?[0m# button to scroll down the home page

2 Scenarios (?[31m1 failed?[0m, ?[32m1 passed?[0m)
7 Steps (?[31m1 failed?[0m, ?[32m6 passed?[0m)
0m43,753s

java.lang.AssertionError: Expected validate scroll button
Expected: is <true>
     but: was <false>
	at net.serenitybdd.screenplay.ErrorTally.throwSummaryExceptionFrom(ErrorTally.java:36)
	at net.serenitybdd.screenplay.ErrorTally.reportAnyErrors(ErrorTally.java:30)
	at net.serenitybdd.screenplay.Actor.should(Actor.java:300)
	at co.com.choucair.certification.testweb.stepdefinitions.historiaUsuarioStepDefinitios.scrollDownTheSectionOnTheHomePage(historiaUsuarioStepDefinitios.java:50)
	at ✽.scroll down the section on the home page(src/test/resources/features/historia_de_usuario.feature:18)

]]></system-out>
  <system-err><![CDATA[SLF4J: Failed to load class "org.slf4j.impl.StaticLoggerBinder".
SLF4J: Defaulting to no-operation (NOP) logger implementation
SLF4J: See http://www.slf4j.org/codes.html#StaticLoggerBinder for further details.
]]></system-err>
</testsuite>
